2022-02-17 10:37:29,727 INFO [Log] driver is initialized for Login Patron Page 
2022-02-17 10:37:29,770 INFO [Log] Title for Login Patron page is verified : EBSCOhost 
2022-02-17 10:37:29,966 INFO [Log] Browser is closed 
2022-02-17 10:37:37,041 INFO [Log] driver is initialized for Login Patron Page 
2022-02-17 10:37:40,519 INFO [Log] Alert message is closed 
2022-02-17 10:37:40,519 INFO [Log] username from Excel: NESadmin 
2022-02-17 10:37:40,519 INFO [Log] password from Excel: NES2021! 
2022-02-17 10:37:40,519 INFO [Log] Condition for Test Scenario Id: TS_LP_01 is PASS 
2022-02-17 10:37:40,777 INFO [Log] Browser is closed 
2022-02-17 10:37:46,871 INFO [Log] driver is initialized for Login Patron Page 
2022-02-17 10:38:18,974 INFO [Log] Username or Password is incorrect, please try again. 
2022-02-17 10:38:18,974 INFO [Log] Alert message is closed 
2022-02-17 10:38:18,974 INFO [Log] username from Excel: NESAdmin 
2022-02-17 10:38:18,974 INFO [Log] password from Excel: NESNES 
2022-02-17 10:38:18,974 INFO [Log] Condition for Test Scenario Id: TS_LP_01 is PASS 
2022-02-17 10:38:19,190 INFO [Log] Browser is closed 
2022-02-17 10:38:25,625 INFO [Log] driver is initialized for Callouts Page 
2022-02-17 10:38:28,670 INFO [Log] Alert message is closed 
2022-02-17 10:38:28,671 INFO [Log] username from excel: NESadmin 
2022-02-17 10:38:28,671 INFO [Log] password from excel: NES2021! 
2022-02-17 10:38:42,578 INFO [Log] Unable to get status message, but Callout has been created 
2022-02-17 10:39:13,927 INFO [Log] Browser is closed 
2022-02-17 10:39:20,631 INFO [Log] driver is initialized for Callouts Page 
2022-02-17 10:39:24,461 INFO [Log] Alert message is closed 
2022-02-17 10:39:24,461 INFO [Log] username from excel: NESadmin 
2022-02-17 10:39:24,461 INFO [Log] password from excel: NES2021! 
2022-02-17 10:39:39,045 INFO [Log] Unable to get status message, but Callout has been created 
2022-02-17 10:39:41,082 INFO [Log] Successfully created a Callout with title name: Callouts Excel Callouts-2 has been created. 
2022-02-17 10:39:41,082 INFO [Log] title1 from Excel:Excel Callouts-2 
2022-02-17 10:39:41,082 INFO [Log] subtitle1 from Excel:Subtitle-2 
2022-02-17 10:39:41,082 INFO [Log] description from Excel:callouts description-2 
2022-02-17 10:39:41,082 INFO [Log] Condition in Test Scenario Id: TS_CO_01 is Executed Successfully 
2022-02-17 10:39:41,354 INFO [Log] Browser is closed 
2022-02-17 10:39:47,617 INFO [Log] driver is initialized for Resource Flows Page 
2022-02-17 10:39:50,570 INFO [Log] Alert message is closed 
2022-02-17 10:39:50,570 INFO [Log] username from excel: NESadmin 
2022-02-17 10:39:50,571 INFO [Log] password from excel: NES2021! 
2022-02-17 10:40:36,954 INFO [Log] Browser is closed 
2022-02-17 10:40:44,230 INFO [Log] driver is initialized for Resource Flows Page 
2022-02-17 10:40:47,409 INFO [Log] Alert message is closed 
2022-02-17 10:40:47,410 INFO [Log] username from excel: NESadmin 
2022-02-17 10:40:47,410 INFO [Log] password from excel: NES2021! 
2022-02-17 10:41:03,147 INFO [Log] Successfully created a Resource Flow with title name: ResourceFlow Resource Title-32 has been created. 
2022-02-17 10:41:03,147 INFO [Log] title1 from Excel: Resource Title-32 
2022-02-17 10:41:03,147 INFO [Log] ISBN1 value from Excel: 978-3-16-148410-4 
2022-02-17 10:41:03,147 INFO [Log] UPC value from Excel: 3.60029146E8 
2022-02-17 10:41:03,147 INFO [Log] subTitle value from Excel: Resource SubTitle-32 
2022-02-17 10:41:03,147 INFO [Log] author value from Excel: workflow in resource flow for Resource Title-32 
2022-02-17 10:41:03,147 INFO [Log] ResourceFlow value from Excel: revision log message for Resource Title-32 
2022-02-17 10:41:03,147 INFO [Log] Resource Flow Stage PASS 
2022-02-17 10:41:03,147 INFO [Log] Test Scenario Id: TS_RF_01 is Executed Successfully 
2022-02-17 10:41:03,409 INFO [Log] Browser is closed 
2022-02-17 10:41:57,440 INFO [Log] driver is initialized for Login Patron Page 
2022-02-17 10:41:57,476 INFO [Log] Title for Login Patron page is verified : EBSCOhost 
2022-02-17 10:41:57,661 INFO [Log] Browser is closed 
2022-02-17 10:42:04,243 INFO [Log] driver is initialized for Login Patron Page 
2022-02-17 10:42:07,248 INFO [Log] Alert message is closed 
2022-02-17 10:42:07,249 INFO [Log] username from Excel: NESadmin 
2022-02-17 10:42:07,249 INFO [Log] password from Excel: NES2021! 
2022-02-17 10:42:07,249 INFO [Log] Condition for Test Scenario Id: TS_LP_01 is PASS 
2022-02-17 10:42:07,469 INFO [Log] Browser is closed 
2022-02-17 10:42:13,483 INFO [Log] driver is initialized for Login Patron Page 
2022-02-17 10:42:45,651 INFO [Log] Username or Password is incorrect, please try again. 
2022-02-17 10:42:45,651 INFO [Log] Alert message is closed 
2022-02-17 10:42:45,652 INFO [Log] username from Excel: NESAdmin 
2022-02-17 10:42:45,652 INFO [Log] password from Excel: NESNES 
2022-02-17 10:42:45,652 INFO [Log] Condition for Test Scenario Id: TS_LP_01 is PASS 
2022-02-17 10:42:45,867 INFO [Log] Browser is closed 
2022-02-17 10:42:53,120 INFO [Log] driver is initialized for Callouts Page 
2022-02-17 10:42:56,268 INFO [Log] Alert message is closed 
2022-02-17 10:42:56,268 INFO [Log] username from excel: NESadmin 
2022-02-17 10:42:56,268 INFO [Log] password from excel: NES2021! 
2022-02-17 10:43:09,619 INFO [Log] Unable to get status message, but Callout has been created 
2022-02-17 10:43:11,660 INFO [Log] Successfully created a Callout with title name: Status message
Callouts Excel Callouts-1 has been created. 
2022-02-17 10:43:11,660 INFO [Log] title1 from Excel:Excel Callouts-1 
2022-02-17 10:43:11,660 INFO [Log] subtitle1 from Excel:Subtitle-1 
2022-02-17 10:43:11,661 INFO [Log] description from Excel:callouts description-1 
2022-02-17 10:43:11,661 INFO [Log] Condition in Test Scenario Id: TS_CO_01 is Executed Successfully 
2022-02-17 10:43:11,980 INFO [Log] Browser is closed 
2022-02-17 10:43:18,677 INFO [Log] driver is initialized for Callouts Page 
2022-02-17 10:43:21,723 INFO [Log] Alert message is closed 
2022-02-17 10:43:21,723 INFO [Log] username from excel: NESadmin 
2022-02-17 10:43:21,723 INFO [Log] password from excel: NES2021! 
2022-02-17 10:43:35,267 INFO [Log] Unable to get status message, but Callout has been created 
2022-02-17 10:43:37,296 INFO [Log] Successfully created a Callout with title name: Status message
Callouts Excel Callouts-2 has been created. 
2022-02-17 10:43:37,296 INFO [Log] title1 from Excel:Excel Callouts-2 
2022-02-17 10:43:37,296 INFO [Log] subtitle1 from Excel:Subtitle-2 
2022-02-17 10:43:37,296 INFO [Log] description from Excel:callouts description-2 
2022-02-17 10:43:37,296 INFO [Log] Condition in Test Scenario Id: TS_CO_01 is Executed Successfully 
2022-02-17 10:43:37,543 INFO [Log] Browser is closed 
2022-02-17 10:43:44,325 INFO [Log] driver is initialized for Resource Flows Page 
2022-02-17 10:43:47,743 INFO [Log] Alert message is closed 
2022-02-17 10:43:47,743 INFO [Log] username from excel: NESadmin 
2022-02-17 10:43:47,744 INFO [Log] password from excel: NES2021! 
2022-02-17 10:44:04,390 INFO [Log] Successfully created a Resource Flow with title name: ResourceFlow Resource Title-31 has been created. 
2022-02-17 10:44:04,391 INFO [Log] title1 from Excel: Resource Title-31 
2022-02-17 10:44:04,391 INFO [Log] ISBN1 value from Excel: 978-3-16-148410-3 
2022-02-17 10:44:04,391 INFO [Log] UPC value from Excel: 3.60029145E8 
2022-02-17 10:44:04,391 INFO [Log] subTitle value from Excel: Resource SubTitle-31 
2022-02-17 10:44:04,391 INFO [Log] author value from Excel: workflow in resource flow for Resource Title-31 
2022-02-17 10:44:04,391 INFO [Log] ResourceFlow value from Excel: revision log message for Resource Title-31 
2022-02-17 10:44:04,391 INFO [Log] Resource Flow Stage PASS 
2022-02-17 10:44:04,391 INFO [Log] Test Scenario Id: TS_RF_01 is Executed Successfully 
2022-02-17 10:44:04,670 INFO [Log] Browser is closed 
2022-02-17 10:44:10,846 INFO [Log] driver is initialized for Resource Flows Page 
2022-02-17 10:44:13,735 INFO [Log] Alert message is closed 
2022-02-17 10:44:13,736 INFO [Log] username from excel: NESadmin 
2022-02-17 10:44:13,736 INFO [Log] password from excel: NES2021! 
2022-02-17 10:44:29,370 INFO [Log] Successfully created a Resource Flow with title name: ResourceFlow Resource Title-32 has been created. 
2022-02-17 10:44:29,370 INFO [Log] title1 from Excel: Resource Title-32 
2022-02-17 10:44:29,370 INFO [Log] ISBN1 value from Excel: 978-3-16-148410-4 
2022-02-17 10:44:29,370 INFO [Log] UPC value from Excel: 3.60029146E8 
2022-02-17 10:44:29,370 INFO [Log] subTitle value from Excel: Resource SubTitle-32 
2022-02-17 10:44:29,370 INFO [Log] author value from Excel: workflow in resource flow for Resource Title-32 
2022-02-17 10:44:29,370 INFO [Log] ResourceFlow value from Excel: revision log message for Resource Title-32 
2022-02-17 10:44:29,370 INFO [Log] Resource Flow Stage PASS 
2022-02-17 10:44:29,370 INFO [Log] Test Scenario Id: TS_RF_01 is Executed Successfully 
2022-02-17 10:44:29,654 INFO [Log] Browser is closed 
2022-02-17 10:45:06,497 INFO [Log] driver is initialized for Login Patron Page 
2022-02-17 10:45:06,538 INFO [Log] Title for Login Patron page is verified : EBSCOhost 
2022-02-17 10:45:06,724 INFO [Log] Browser is closed 
2022-02-17 10:45:13,164 INFO [Log] driver is initialized for Login Patron Page 
2022-02-17 10:45:16,480 INFO [Log] Alert message is closed 
2022-02-17 10:45:16,481 INFO [Log] username from Excel: NESadmin 
2022-02-17 10:45:16,481 INFO [Log] password from Excel: NES2021! 
2022-02-17 10:45:16,481 INFO [Log] Condition for Test Scenario Id: TS_LP_01 is PASS 
2022-02-17 10:45:16,712 INFO [Log] Browser is closed 
2022-02-17 10:45:22,894 INFO [Log] driver is initialized for Login Patron Page 
2022-02-17 10:45:55,039 INFO [Log] Username or Password is incorrect, please try again. 
2022-02-17 10:45:55,040 INFO [Log] Alert message is closed 
2022-02-17 10:45:55,040 INFO [Log] username from Excel: NESAdmin 
2022-02-17 10:45:55,040 INFO [Log] password from Excel: NESNES 
2022-02-17 10:45:55,040 INFO [Log] Condition for Test Scenario Id: TS_LP_01 is PASS 
2022-02-17 10:45:55,243 INFO [Log] Browser is closed 
2022-02-17 10:46:01,585 INFO [Log] driver is initialized for Callouts Page 
2022-02-17 10:46:04,542 INFO [Log] Alert message is closed 
2022-02-17 10:46:04,543 INFO [Log] username from excel: NESadmin 
2022-02-17 10:46:04,543 INFO [Log] password from excel: NES2021! 
2022-02-17 10:46:18,312 INFO [Log] Unable to get status message, but Callout has been created 
2022-02-17 10:46:20,347 INFO [Log] Successfully created a Callout with title name: Callouts Excel Callouts-1 has been created. 
2022-02-17 10:46:20,347 INFO [Log] title1 from Excel:Excel Callouts-1 
2022-02-17 10:46:20,347 INFO [Log] subtitle1 from Excel:Subtitle-1 
2022-02-17 10:46:20,347 INFO [Log] description from Excel:callouts description-1 
2022-02-17 10:46:20,347 INFO [Log] Condition in Test Scenario Id: TS_CO_01 is Executed Successfully 
2022-02-17 10:46:20,615 INFO [Log] Browser is closed 
2022-02-17 10:46:27,352 INFO [Log] driver is initialized for Callouts Page 
2022-02-17 10:46:30,480 INFO [Log] Alert message is closed 
2022-02-17 10:46:30,481 INFO [Log] username from excel: NESadmin 
2022-02-17 10:46:30,481 INFO [Log] password from excel: NES2021! 
2022-02-17 10:46:43,642 INFO [Log] Unable to get status message, but Callout has been created 
2022-02-17 10:46:45,678 INFO [Log] Successfully created a Callout with title name: Callouts Excel Callouts-2 has been created. 
2022-02-17 10:46:45,678 INFO [Log] title1 from Excel:Excel Callouts-2 
2022-02-17 10:46:45,678 INFO [Log] subtitle1 from Excel:Subtitle-2 
2022-02-17 10:46:45,678 INFO [Log] description from Excel:callouts description-2 
2022-02-17 10:46:45,678 INFO [Log] Condition in Test Scenario Id: TS_CO_01 is Executed Successfully 
2022-02-17 10:46:45,956 INFO [Log] Browser is closed 
2022-02-17 10:46:52,378 INFO [Log] driver is initialized for Resource Flows Page 
2022-02-17 10:46:56,082 INFO [Log] Alert message is closed 
2022-02-17 10:46:56,083 INFO [Log] username from excel: NESadmin 
2022-02-17 10:46:56,083 INFO [Log] password from excel: NES2021! 
2022-02-17 10:47:12,424 INFO [Log] Successfully created a Resource Flow with title name: ResourceFlow Resource Title-31 has been created. 
2022-02-17 10:47:12,424 INFO [Log] title1 from Excel: Resource Title-31 
2022-02-17 10:47:12,424 INFO [Log] ISBN1 value from Excel: 978-3-16-148410-3 
2022-02-17 10:47:12,424 INFO [Log] UPC value from Excel: 3.60029145E8 
2022-02-17 10:47:12,424 INFO [Log] subTitle value from Excel: Resource SubTitle-31 
2022-02-17 10:47:12,424 INFO [Log] author value from Excel: workflow in resource flow for Resource Title-31 
2022-02-17 10:47:12,424 INFO [Log] ResourceFlow value from Excel: revision log message for Resource Title-31 
2022-02-17 10:47:12,424 INFO [Log] Resource Flow Stage PASS 
2022-02-17 10:47:12,424 INFO [Log] Test Scenario Id: TS_RF_01 is Executed Successfully 
2022-02-17 10:47:12,704 INFO [Log] Browser is closed 
2022-02-17 10:47:19,505 INFO [Log] driver is initialized for Resource Flows Page 
2022-02-17 10:47:23,421 INFO [Log] Alert message is closed 
2022-02-17 10:47:23,422 INFO [Log] username from excel: NESadmin 
2022-02-17 10:47:23,422 INFO [Log] password from excel: NES2021! 
2022-02-17 10:47:39,715 INFO [Log] Successfully created a Resource Flow with title name: ResourceFlow Resource Title-32 has been created. 
2022-02-17 10:47:39,715 INFO [Log] title1 from Excel: Resource Title-32 
2022-02-17 10:47:39,715 INFO [Log] ISBN1 value from Excel: 978-3-16-148410-4 
2022-02-17 10:47:39,715 INFO [Log] UPC value from Excel: 3.60029146E8 
2022-02-17 10:47:39,715 INFO [Log] subTitle value from Excel: Resource SubTitle-32 
2022-02-17 10:47:39,715 INFO [Log] author value from Excel: workflow in resource flow for Resource Title-32 
2022-02-17 10:47:39,715 INFO [Log] ResourceFlow value from Excel: revision log message for Resource Title-32 
2022-02-17 10:47:39,715 INFO [Log] Resource Flow Stage PASS 
2022-02-17 10:47:39,715 INFO [Log] Test Scenario Id: TS_RF_01 is Executed Successfully 
2022-02-17 10:47:39,997 INFO [Log] Browser is closed 
